This is pdfTeX, Version 3.14159265-2.6-1.40.19 (TeX Live 2018) (preloaded format=pdflatex 2019.4.11)  26 JUN 2019 10:40
entering extended mode
 restricted \write18 enabled.
 %&-line parsing enabled.
**abbreviations.tex
(./abbreviations.tex
LaTeX2e <2018-04-01> patch level 5
)
! Emergency stop.
<*> abbreviations.tex
                     
*** (job aborted, no legal \end found)

 
Here is how much of TeX's memory you used:
 5 strings out of 494528
 151 string characters out of 6175701
 51626 words of memory out of 5000000
 3747 multiletter control sequences out of 15000+600000
 3640 words of font info for 14 fonts, out of 8000000 for 9000
 34 hyphenation exceptions out of 8191
 5i,0n,1p,100b,8s stack positions out of 5000i,500n,10000p,200000b,80000s
!  ==> Fatal error occurred, no output PDF file produced!
